05/05/2017 11:44:04 AM logged in as
05/05/2017 11:44:04 AM bro-bot3000
05/05/2017 11:44:04 AM 298925840572612608
05/05/2017 11:44:04 AM -------
05/05/2017 01:40:26 PM logged in as
05/05/2017 01:40:26 PM bro-bot3000
05/05/2017 01:40:26 PM 298925840572612608
05/05/2017 01:40:26 PM -------
05/05/2017 01:40:44 PM test test
05/05/2017 01:42:02 PM cleaning up
05/05/2017 01:42:05 PM logged in as
05/05/2017 01:42:05 PM bro-bot3000
05/05/2017 01:42:05 PM 298925840572612608
05/05/2017 01:42:05 PM -------
05/05/2017 01:42:19 PM Received message: 'test test test'
05/05/2017 01:42:19 PM this already exists, skipping
05/05/2017 01:42:36 PM Received message: 'fuck'
05/05/2017 01:42:37 PM Sending '*takes a quarter from Larold and puts it in the swear jar* ' to brobot_workshop
05/05/2017 01:42:37 PM Received message: '*takes a quarter from Larold and puts it in the swear jar*'
05/05/2017 01:42:45 PM Received message: 'neatttttttttttt'
05/05/2017 01:43:08 PM cleaning up
05/05/2017 01:43:12 PM logged in as
05/05/2017 01:43:12 PM bro-bot3000
05/05/2017 01:43:12 PM 298925840572612608
05/05/2017 01:43:12 PM -------
